[debug] [2025-06-19T17:13:12.970Z] ----------------------------------------------------------------------
[debug] [2025-06-19T17:13:12.973Z] Command:       C:\Program Files\nodejs\node.exe C:\Users\gsuge\AppData\Roaming\npm\node_modules\firebase-tools\lib\bin\firebase.js use --add
[debug] [2025-06-19T17:13:12.974Z] CLI Version:   14.7.0
[debug] [2025-06-19T17:13:12.974Z] Platform:      win32
[debug] [2025-06-19T17:13:12.974Z] Node Version:  v22.16.0
[debug] [2025-06-19T17:13:12.974Z] Time:          Thu Jun 19 2025 21:13:12 GMT+0400 (Gulf Standard Time)
[debug] [2025-06-19T17:13:12.974Z] ----------------------------------------------------------------------
[debug] 
[debug] [2025-06-19T17:13:12.976Z] >>> [apiv2][query] GET https://firebase-public.firebaseio.com/cli.json [none]
[debug] [2025-06-19T17:13:13.256Z] Object "/emulators/storage" in "firebase.json" has unknown property: {"additionalProperty":"rules"}
[debug] [2025-06-19T17:13:13.268Z] > command requires scopes: ["email","openid","https://www.googleapis.com/auth/cloudplatformprojects.readonly","https://www.googleapis.com/auth/firebase","https://www.googleapis.com/auth/cloud-platform"]
[debug] [2025-06-19T17:13:13.269Z] > authorizing via signed-in user (support@tutorda.org)
[debug] [2025-06-19T17:13:13.271Z] Checked if tokens are valid: false, expires at: 1750277831002
[debug] [2025-06-19T17:13:13.271Z] Checked if tokens are valid: false, expires at: 1750277831002
[debug] [2025-06-19T17:13:13.271Z] > refreshing access token with scopes: []
[debug] [2025-06-19T17:13:13.272Z] >>> [apiv2][query] POST https://www.googleapis.com/oauth2/v3/token [none]
[debug] [2025-06-19T17:13:13.272Z] >>> [apiv2][body] POST https://www.googleapis.com/oauth2/v3/token [omitted]
[debug] [2025-06-19T17:13:14.659Z] <<< [apiv2][status] POST https://www.googleapis.com/oauth2/v3/token 400
[debug] [2025-06-19T17:13:14.659Z] <<< [apiv2][body] POST https://www.googleapis.com/oauth2/v3/token [omitted]
[error] Authentication Error: Your credentials are no longer valid. Please run firebase login --reauth

For CI servers and headless environments, generate a new token with firebase login:ci
[error] Authentication Error: Your credentials are no longer valid. Please run firebase login --reauth

For CI servers and headless environments, generate a new token with firebase login:ci
[debug] [2025-06-19T17:13:14.660Z] Authentication Error: Your credentials are no longer valid. Please run firebase login --reauth

For CI servers and headless environments, generate a new token with firebase login:ci
[debug] [2025-06-19T17:13:14.712Z] <<< [apiv2][status] GET https://firebase-public.firebaseio.com/cli.json 200
[debug] [2025-06-19T17:13:14.712Z] <<< [apiv2][body] GET https://firebase-public.firebaseio.com/cli.json {"cloudBuildErrorAfter":1594252800000,"cloudBuildWarnAfter":1590019200000,"defaultNode10After":1594252800000,"minVersion":"3.0.5","node8DeploysDisabledAfter":1613390400000,"node8RuntimeDisabledAfter":1615809600000,"node8WarnAfter":1600128000000}
[debug] [2025-06-19T17:13:15.017Z] FirebaseError: Authentication Error: Your credentials are no longer valid. Please run firebase login --reauth

For CI servers and headless environments, generate a new token with firebase login:ci
    at invalidCredentialError (C:\Users\gsuge\AppData\Roaming\npm\node_modules\firebase-tools\lib\auth.js:167:12)
    at refreshTokens (C:\Users\gsuge\AppData\Roaming\npm\node_modules\firebase-tools\lib\auth.js:556:15)
    at process.processTicksAndRejections (node:internal/process/task_queues:105:5)
    at async getAccessToken (C:\Users\gsuge\AppData\Roaming\npm\node_modules\firebase-tools\lib\apiv2.js:42:18)
    at async Client.addAuthHeader (C:\Users\gsuge\AppData\Roaming\npm\node_modules\firebase-tools\lib\apiv2.js:169:21)
    at async Client.request (C:\Users\gsuge\AppData\Roaming\npm\node_modules\firebase-tools\lib\apiv2.js:120:34)
    at async getProjectPage (C:\Users\gsuge\AppData\Roaming\npm\node_modules\firebase-tools\lib\management\projects.js:254:17)
    at async getFirebaseProjectPage (C:\Users\gsuge\AppData\Roaming\npm\node_modules\firebase-tools\lib\management\projects.js:271:23)
    at async listFirebaseProjects (C:\Users\gsuge\AppData\Roaming\npm\node_modules\firebase-tools\lib\management\projects.js:302:29)
    at async addAlias (C:\Users\gsuge\AppData\Roaming\npm\node_modules\firebase-tools\lib\commands\use.js:83:22)
[error] 
[error] Error: Failed to list Firebase projects. See firebase-debug.log for more info.
